...found 8 targets...
...updating 5 targets...
common.mkdir bin.v2/libs/math
common.mkdir bin.v2/libs/math/config
common.mkdir bin.v2/libs/math/config/darwin-4.2.1
common.mkdir bin.v2/libs/math/config/darwin-4.2.1/debug
darwin.compile.c++ bin.v2/libs/math/config/darwin-4.2.1/debug/has_gcc_visibility.o
...updated 5 targets...
...found 40 targets...
...updating 1 target...
darwin.compile.c++ bin.v2/libs/math/config/darwin-4.2.1/debug/has_long_double_support.o
...updated 1 target...
...found 11 targets...
...updating 4 targets...
common.mkdir bin.v2/libs/regex/build/darwin-4.2.1
common.mkdir bin.v2/libs/regex/build/darwin-4.2.1/debug
darwin.compile.c++ bin.v2/libs/regex/build/darwin-4.2.1/debug/has_icu_test.o
libs/regex/build/has_icu_test.cpp:12:30: error: unicode/uversion.h: No such file or directory
libs/regex/build/has_icu_test.cpp:13:28: error: unicode/utypes.h: No such file or directory
libs/regex/build/has_icu_test.cpp:14:27: error: unicode/uchar.h: No such file or directory
libs/regex/build/has_icu_test.cpp:15:26: error: unicode/coll.h: No such file or directory
libs/regex/build/has_icu_test.cpp: In function 'int main()':
libs/regex/build/has_icu_test.cpp:23: error: 'UErrorCode' was not declared in this scope
libs/regex/build/has_icu_test.cpp:23: error: expected `;' before 'err'
libs/regex/build/has_icu_test.cpp:24: error: 'UChar32' was not declared in this scope
libs/regex/build/has_icu_test.cpp:24: error: expected `;' before 'c'
libs/regex/build/has_icu_test.cpp:25: error: 'err' was not declared in this scope

    "g++"  -ftemplate-depth-128 -O0 -fno-inline -Wall -pedantic -g -dynamic -gdwarf-2 -fexceptions -fPIC  -DBOOST_ALL_NO_LIB=1 -DBOOST_HAS_ICU=1  -I"." -c -o "bin.v2/libs/regex/build/darwin-4.2.1/debug/has_icu_test.o" "libs/regex/build/has_icu_test.cpp"

...failed darwin.compile.c++ bin.v2/libs/regex/build/darwin-4.2.1/debug/has_icu_test.o...
...skipped <pbin.v2/libs/regex/build/darwin-4.2.1/debug>has_icu for lack of <pbin.v2/libs/regex/build/darwin-4.2.1/debug>has_icu_test.o...
...failed updating 1 target...
...skipped 1 target...
...updated 2 targets...
...patience...
...found 260 targets...
...updating 10 targets...
common.mkdir bin.v2/libs/thread/build/darwin-4.2.1
common.mkdir bin.v2/libs/thread/build/darwin-4.2.1/debug
common.mkdir bin.v2/libs/thread/build/darwin-4.2.1/debug/threading-multi
darwin.compile.c++ bin.v2/libs/thread/build/darwin-4.2.1/debug/threading-multi/has_atomic_flag_lockfree_test.o
libs/thread/src/../build/has_atomic_flag_lockfree_test.cpp:9: warning: unused parameter 'argc'
libs/thread/src/../build/has_atomic_flag_lockfree_test.cpp:9: warning: unused parameter 'argv'
common.mkdir bin.v2/libs/system/build/darwin-4.2.1
common.mkdir bin.v2/libs/system/build/darwin-4.2.1/debug
common.mkdir bin.v2/libs/system/build/darwin-4.2.1/debug/threading-multi
darwin.compile.c++ bin.v2/libs/system/build/darwin-4.2.1/debug/threading-multi/error_code.o
darwin.link.dll bin.v2/libs/system/build/darwin-4.2.1/debug/threading-multi/libboost_system.dylib
darwin.link bin.v2/libs/thread/build/darwin-4.2.1/debug/threading-multi/has_atomic_flag_lockfree
...updated 10 targets...
...found 1 target...
...updating 1 target...
config-cache.write bin.v2/project-cache.jam
...updated 1 target...
